This file contains any messages produced by compilers while
running configure, to aid debugging if configure makes a mistake.

It was created by fastmesh configure 0.1, which was
generated by GNU Autoconf 2.69.  Invocation command line was

  $ ./configure --prefix=/home/alon/Projects/DelMe/LFM_Public/Build CC=mpicc CXX=mpic++ CXXFLAGS=-O3

## --------- ##
## Platform. ##
## --------- ##

hostname = TRC16615-X11
uname -m = x86_64
uname -r = 5.10.102.1-microsoft-standard-WSL2
uname -s = Linux
uname -v = #1 SMP Wed Mar 2 00:30:59 UTC 2022

/usr/bin/uname -p = x86_64
/bin/uname -X     = unknown

/bin/arch              = x86_64
/usr/bin/arch -k       = unknown
/usr/convex/getsysinfo = unknown
/usr/bin/hostinfo      = unknown
/bin/machine           = unknown
/usr/bin/oslevel       = unknown
/bin/universe          = unknown

PATH: /home/alon/Apps/openfoam/ThirdParty-common/platforms/linux64Gcc/ADIOS2-2.7.1/bin
PATH: /home/alon/OpenFOAM/alon-v2112/platforms/linux64GccDPInt32Opt/bin
PATH: /home/alon/Apps/openfoam/OpenFOAM-v2112/site/2112/platforms/linux64GccDPInt32Opt/bin
PATH: /home/alon/Apps/openfoam/OpenFOAM-v2112/platforms/linux64GccDPInt32Opt/bin
PATH: /home/alon/Apps/openfoam/OpenFOAM-v2112/bin
PATH: /home/alon/Apps/openfoam/OpenFOAM-v2112/wmake
PATH: /usr/local/sbin
PATH: /usr/local/bin
PATH: /usr/sbin
PATH: /usr/bin
PATH: /sbin
PATH: /bin
PATH: /usr/games
PATH: /usr/local/games
PATH: /usr/lib/wsl/lib
PATH: /mnt/c/WINDOWS/system32
PATH: /mnt/c/WINDOWS
PATH: /mnt/c/WINDOWS/System32/Wbem
PATH: /mnt/c/WINDOWS/System32/WindowsPowerShell/v1.0/
PATH: /mnt/c/WINDOWS/System32/OpenSSH/
PATH: /mnt/c/Users/a00660340/AppData/Local/Microsoft/WindowsApps
PATH: /mnt/c/Users/a00660340/AppData/Local/Programs/Microsoft VS Code/bin
PATH: /snap/bin
PATH: /home/alon/fzf/bin


## ----------- ##
## Core tests. ##
## ----------- ##

configure:2355: checking for git
configure:2371: found /usr/bin/git
configure:2382: result: yes
configure:2468: checking build system type
configure:2482: result: x86_64-pc-linux-gnu
configure:2502: checking host system type
configure:2515: result: x86_64-pc-linux-gnu
configure:2556: checking how to print strings
configure:2583: result: printf
configure:2655: checking for gcc
configure:2682: result: mpicc
configure:2911: checking for C compiler version
configure:2920: mpicc --version >&5
gcc (Ubuntu 9.4.0-1ubuntu1~20.04.1) 9.4.0
Copyright (C) 2019 Free Software Foundation, Inc.
This is free software; see the source for copying conditions.  There is NO
warranty; not even for MERCHANTABILITY or FITNESS FOR A PARTICULAR PURPOSE.

configure:2931: $? = 0
configure:2920: mpicc -v >&5
Using built-in specs.
COLLECT_GCC=/usr/bin/gcc
COLLECT_LTO_WRAPPER=/usr/lib/gcc/x86_64-linux-gnu/9/lto-wrapper
OFFLOAD_TARGET_NAMES=nvptx-none:hsa
OFFLOAD_TARGET_DEFAULT=1
Target: x86_64-linux-gnu
Configured with: ../src/configure -v --with-pkgversion='Ubuntu 9.4.0-1ubuntu1~20.04.1' --with-bugurl=file:///usr/share/doc/gcc-9/README.Bugs --enable-languages=c,ada,c++,go,brig,d,fortran,objc,obj-c++,gm2 --prefix=/usr --with-gcc-major-version-only --program-suffix=-9 --program-prefix=x86_64-linux-gnu- --enable-shared --enable-linker-build-id --libexecdir=/usr/lib --without-included-gettext --enable-threads=posix --libdir=/usr/lib --enable-nls --enable-clocale=gnu --enable-libstdcxx-debug --enable-libstdcxx-time=yes --with-default-libstdcxx-abi=new --enable-gnu-unique-object --disable-vtable-verify --enable-plugin --enable-default-pie --with-system-zlib --with-target-system-zlib=auto --enable-objc-gc=auto --enable-multiarch --disable-werror --with-arch-32=i686 --with-abi=m64 --with-multilib-list=m32,m64,mx32 --enable-multilib --with-tune=generic --enable-offload-targets=nvptx-none=/build/gcc-9-Av3uEd/gcc-9-9.4.0/debian/tmp-nvptx/usr,hsa --without-cuda-driver --enable-checking=release --build=x86_64-linux-gnu --host=x86_64-linux-gnu --target=x86_64-linux-gnu
Thread model: posix
gcc version 9.4.0 (Ubuntu 9.4.0-1ubuntu1~20.04.1) 
configure:2931: $? = 0
configure:2920: mpicc -V >&5
gcc: error: unrecognized command line option '-V'
gcc: fatal error: no input files
compilation terminated.
configure:2931: $? = 1
configure:2920: mpicc -qversion >&5
gcc: error: unrecognized command line option '-qversion'; did you mean '--version'?
gcc: fatal error: no input files
compilation terminated.
configure:2931: $? = 1
configure:2951: checking whether the C compiler works
configure:2973: mpicc    conftest.c  >&5
configure:2977: $? = 0
configure:3025: result: yes
configure:3028: checking for C compiler default output file name
configure:3030: result: a.out
configure:3036: checking for suffix of executables
configure:3043: mpicc -o conftest    conftest.c  >&5
configure:3047: $? = 0
configure:3069: result: 
configure:3091: checking whether we are cross compiling
configure:3099: mpicc -o conftest    conftest.c  >&5
configure:3103: $? = 0
configure:3110: ./conftest
configure:3114: $? = 0
configure:3102: result: no
configure:3107: checking for suffix of object files
configure:3129: mpicc -c   conftest.c >&5
configure:3133: $? = 0
configure:3154: result: o
configure:3158: checking whether we are using the GNU C compiler
configure:3177: mpicc -c   conftest.c >&5
configure:3177: $? = 0
configure:3186: result: yes
configure:3195: checking whether mpicc accepts -g
configure:3215: mpicc -c -g  conftest.c >&5
configure:3215: $? = 0
configure:3256: result: yes
configure:3273: checking for mpicc option to accept ISO C89
configure:3336: mpicc  -c -g -O2  conftest.c >&5
configure:3336: $? = 0
configure:3349: result: none needed
configure:3374: checking whether mpicc understands -c and -o together
configure:3396: mpicc -c conftest.c -o conftest2.o
configure:3399: $? = 0
configure:3396: mpicc -c conftest.c -o conftest2.o
configure:3399: $? = 0
configure:3411: result: yes
configure:3428: checking for a sed that does not truncate output
configure:3492: result: /usr/bin/sed
configure:3510: checking for grep that handles long lines and -e
configure:3568: result: /usr/bin/grep
configure:3573: checking for egrep
configure:3635: result: /usr/bin/grep -E
configure:3640: checking for fgrep
configure:3702: result: /usr/bin/grep -F
configure:3737: checking for ld used by mpicc
configure:3804: result: /usr/bin/ld
configure:3811: checking if the linker (/usr/bin/ld) is GNU ld
configure:3826: result: yes
configure:3838: checking for BSD- or MS-compatible name lister (nm)
configure:3892: result: /usr/bin/nm -B
configure:4022: checking the name lister (/usr/bin/nm -B) interface
configure:4029: mpic++ -c -O3  conftest.cpp >&5
configure:4032: /usr/bin/nm -B "conftest.o"
configure:4035: output
0000000000000000 B some_variable
configure:4036: result: BSD nm
configure:4039: checking whether ln -s works
configure:4043: result: yes
configure:4051: checking the maximum length of command line arguments
configure:4182: result: 1572864
configure:4230: checking how to convert x86_64-pc-linux-gnu file names to x86_64-pc-linux-gnu format
configure:4270: result: func_convert_file_noop
configure:4277: checking how to convert x86_64-pc-linux-gnu file names to toolchain format
configure:4297: result: func_convert_file_noop
configure:4304: checking for /usr/bin/ld option to reload object files
configure:4311: result: -r
configure:4385: checking for objdump
configure:4401: found /usr/bin/objdump
configure:4412: result: objdump
configure:4444: checking how to recognize dependent libraries
configure:4644: result: pass_all
configure:4729: checking for dlltool
configure:4759: result: no
configure:4789: checking how to associate runtime and link libraries
configure:4816: result: printf %s\n
configure:4939: checking for C++ compiler version
configure:4948: mpic++ --version >&5
g++ (Ubuntu 9.4.0-1ubuntu1~20.04.1) 9.4.0
Copyright (C) 2019 Free Software Foundation, Inc.
This is free software; see the source for copying conditions.  There is NO
warranty; not even for MERCHANTABILITY or FITNESS FOR A PARTICULAR PURPOSE.

configure:4959: $? = 0
configure:4948: mpic++ -v >&5
Using built-in specs.
COLLECT_GCC=/usr/bin/g++
COLLECT_LTO_WRAPPER=/usr/lib/gcc/x86_64-linux-gnu/9/lto-wrapper
OFFLOAD_TARGET_NAMES=nvptx-none:hsa
OFFLOAD_TARGET_DEFAULT=1
Target: x86_64-linux-gnu
Configured with: ../src/configure -v --with-pkgversion='Ubuntu 9.4.0-1ubuntu1~20.04.1' --with-bugurl=file:///usr/share/doc/gcc-9/README.Bugs --enable-languages=c,ada,c++,go,brig,d,fortran,objc,obj-c++,gm2 --prefix=/usr --with-gcc-major-version-only --program-suffix=-9 --program-prefix=x86_64-linux-gnu- --enable-shared --enable-linker-build-id --libexecdir=/usr/lib --without-included-gettext --enable-threads=posix --libdir=/usr/lib --enable-nls --enable-clocale=gnu --enable-libstdcxx-debug --enable-libstdcxx-time=yes --with-default-libstdcxx-abi=new --enable-gnu-unique-object --disable-vtable-verify --enable-plugin --enable-default-pie --with-system-zlib --with-target-system-zlib=auto --enable-objc-gc=auto --enable-multiarch --disable-werror --with-arch-32=i686 --with-abi=m64 --with-multilib-list=m32,m64,mx32 --enable-multilib --with-tune=generic --enable-offload-targets=nvptx-none=/build/gcc-9-Av3uEd/gcc-9-9.4.0/debian/tmp-nvptx/usr,hsa --without-cuda-driver --enable-checking=release --build=x86_64-linux-gnu --host=x86_64-linux-gnu --target=x86_64-linux-gnu
Thread model: posix
gcc version 9.4.0 (Ubuntu 9.4.0-1ubuntu1~20.04.1) 
configure:4959: $? = 0
configure:4948: mpic++ -V >&5
g++: error: unrecognized command line option '-V'
g++: fatal error: no input files
compilation terminated.
configure:4959: $? = 1
configure:4948: mpic++ -qversion >&5
g++: error: unrecognized command line option '-qversion'; did you mean '--version'?
g++: fatal error: no input files
compilation terminated.
configure:4959: $? = 1
configure:4963: checking whether we are using the GNU C++ compiler
configure:4982: mpic++ -c -O3  conftest.cpp >&5
configure:4982: $? = 0
configure:4991: result: yes
configure:5000: checking whether mpic++ accepts -g
configure:5020: mpic++ -c -g  conftest.cpp >&5
configure:5020: $? = 0
configure:5061: result: yes
configure:5134: checking for ar
configure:5150: found /usr/bin/ar
configure:5161: result: ar
configure:5198: checking for archiver @FILE support
configure:5215: mpic++ -c -O3  conftest.cpp >&5
configure:5215: $? = 0
configure:5218: ar cru libconftest.a @conftest.lst >&5
ar: `u' modifier ignored since `D' is the default (see `U')
configure:5221: $? = 0
configure:5226: ar cru libconftest.a @conftest.lst >&5
ar: `u' modifier ignored since `D' is the default (see `U')
ar: conftest.o: No such file or directory
configure:5229: $? = 1
configure:5228: result: @
configure:5286: checking for strip
configure:5302: found /usr/bin/strip
configure:5313: result: strip
configure:5385: checking for ranlib
configure:5401: found /usr/bin/ranlib
configure:5412: result: ranlib
configure:5489: checking for gawk
configure:5505: found /usr/bin/gawk
configure:5516: result: gawk
configure:5556: checking command to parse /usr/bin/nm -B output from mpicc object
configure:5709: mpic++ -c -O3  conftest.cpp >&5
configure:5712: $? = 0
configure:5716: /usr/bin/nm -B conftest.o \| sed -n -e 's/^.*[ ]\([ABCDGIRSTW][ABCDGIRSTW]*\)[ ][ ]*\([_A-Za-z][_A-Za-z0-9]*\)$/\1 \2 \2/p' | sed '/ __gnu_lto/d' \> conftest.nm
configure:5719: $? = 0
configure:5785: mpic++ -o conftest -O3   conftest.cpp conftstm.o >&5
configure:5788: $? = 0
configure:5826: result: ok
configure:5873: checking for sysroot
configure:5903: result: no
configure:5910: checking for a working dd
configure:5948: result: /usr/bin/dd
configure:5952: checking how to truncate binary pipes
configure:5967: result: /usr/bin/dd bs=4096 count=1
configure:6104: mpic++ -c -O3  conftest.cpp >&5
configure:6107: $? = 0
configure:6297: checking for mt
configure:6313: found /usr/bin/mt
configure:6324: result: mt
configure:6347: checking if mt is a manifest tool
configure:6353: mt '-?'
configure:6361: result: no
configure:7038: checking how to run the C preprocessor
configure:7069: mpicc -E  conftest.c
configure:7069: $? = 0
configure:7083: mpicc -E  conftest.c
conftest.c:9:10: fatal error: ac_nonexistent.h: No such file or directory
    9 | #include <ac_nonexistent.h>
      |          ^~~~~~~~~~~~~~~~~~
compilation terminated.
configure:7083: $? = 1
configure: failed program was:
| /* confdefs.h */
| #define PACKAGE_NAME "fastmesh"
| #define PACKAGE_TARNAME "fastmesh"
| #define PACKAGE_VERSION "0.1"
| #define PACKAGE_STRING "fastmesh 0.1"
| #define PACKAGE_BUGREPORT ""
| #define PACKAGE_URL ""
| /* end confdefs.h.  */
| #include <ac_nonexistent.h>
configure:7108: result: mpicc -E
configure:7128: mpicc -E  conftest.c
configure:7128: $? = 0
configure:7142: mpicc -E  conftest.c
conftest.c:9:10: fatal error: ac_nonexistent.h: No such file or directory
    9 | #include <ac_nonexistent.h>
      |          ^~~~~~~~~~~~~~~~~~
compilation terminated.
configure:7142: $? = 1
configure: failed program was:
| /* confdefs.h */
| #define PACKAGE_NAME "fastmesh"
| #define PACKAGE_TARNAME "fastmesh"
| #define PACKAGE_VERSION "0.1"
| #define PACKAGE_STRING "fastmesh 0.1"
| #define PACKAGE_BUGREPORT ""
| #define PACKAGE_URL ""
| /* end confdefs.h.  */
| #include <ac_nonexistent.h>
configure:7171: checking for ANSI C header files
configure:7191: mpicc -c -g -O2  conftest.c >&5
configure:7191: $? = 0
configure:7264: mpicc -o conftest -g -O2   conftest.c  >&5
configure:7264: $? = 0
configure:7264: ./conftest
configure:7264: $? = 0
configure:7275: result: yes
configure:7288: checking for sys/types.h
configure:7288: mpicc -c -g -O2  conftest.c >&5
configure:7288: $? = 0
configure:7288: result: yes
configure:7288: checking for sys/stat.h
configure:7288: mpicc -c -g -O2  conftest.c >&5
configure:7288: $? = 0
configure:7288: result: yes
configure:7288: checking for stdlib.h
configure:7288: mpicc -c -g -O2  conftest.c >&5
configure:7288: $? = 0
configure:7288: result: yes
configure:7288: checking for string.h
configure:7288: mpicc -c -g -O2  conftest.c >&5
configure:7288: $? = 0
configure:7288: result: yes
configure:7288: checking for memory.h
configure:7288: mpicc -c -g -O2  conftest.c >&5
configure:7288: $? = 0
configure:7288: result: yes
configure:7288: checking for strings.h
configure:7288: mpicc -c -g -O2  conftest.c >&5
configure:7288: $? = 0
configure:7288: result: yes
configure:7288: checking for inttypes.h
configure:7288: mpicc -c -g -O2  conftest.c >&5
configure:7288: $? = 0
configure:7288: result: yes
configure:7288: checking for stdint.h
configure:7288: mpicc -c -g -O2  conftest.c >&5
configure:7288: $? = 0
configure:7288: result: yes
configure:7288: checking for unistd.h
configure:7288: mpicc -c -g -O2  conftest.c >&5
configure:7288: $? = 0
configure:7288: result: yes
configure:7302: checking for dlfcn.h
configure:7302: mpicc -c -g -O2  conftest.c >&5
configure:7302: $? = 0
configure:7302: result: yes
configure:7568: checking for objdir
configure:7583: result: .libs
configure:7847: checking if mpicc supports -fno-rtti -fno-exceptions
configure:7865: mpicc -c -g -O2  -fno-rtti -fno-exceptions conftest.c >&5
cc1: warning: command line option '-fno-rtti' is valid for C++/D/ObjC++ but not for C
configure:7869: $? = 0
configure:7882: result: no
configure:8240: checking for mpicc option to produce PIC
configure:8247: result: -fPIC -DPIC
configure:8255: checking if mpicc PIC flag -fPIC -DPIC works
configure:8273: mpicc -c -g -O2  -fPIC -DPIC -DPIC conftest.c >&5
configure:8277: $? = 0
configure:8290: result: yes
configure:8319: checking if mpicc static flag -static works
configure:8347: result: no
configure:8362: checking if mpicc supports -c -o file.o
configure:8383: mpicc -c -g -O2  -o out/conftest2.o conftest.c >&5
configure:8387: $? = 0
configure:8409: result: yes
configure:8417: checking if mpicc supports -c -o file.o
configure:8464: result: yes
configure:8497: checking whether the mpicc linker (/usr/bin/ld -m elf_x86_64) supports shared libraries
configure:9756: result: yes
configure:9793: checking whether -lc should be explicitly linked in
configure:9801: mpicc -c -g -O2  conftest.c >&5
configure:9804: $? = 0
configure:9819: mpicc -shared  -fPIC -DPIC conftest.o  -v -Wl,-soname -Wl,conftest -o conftest 2\>\&1 \| /usr/bin/grep  -lc  \>/dev/null 2\>\&1
configure:9822: $? = 0
configure:9836: result: no
configure:9996: checking dynamic linker characteristics
configure:10577: mpicc -o conftest -g -O2   -Wl,-rpath -Wl,/foo conftest.c  >&5
configure:10577: $? = 0
configure:10817: result: GNU/Linux ld.so
configure:10939: checking how to hardcode library paths into programs
configure:10964: result: immediate
configure:11512: checking whether stripping libraries is possible
configure:11517: result: yes
configure:11552: checking if libtool supports shared libraries
configure:11554: result: yes
configure:11557: checking whether to build shared libraries
configure:11582: result: yes
configure:11585: checking whether to build static libraries
configure:11589: result: yes
configure:8401: checking how to run the C++ preprocessor
configure:8428: mpic++ -E  conftest.cpp
configure:8428: $? = 0
configure:8442: mpic++ -E  conftest.cpp
conftest.cpp:21:10: fatal error: ac_nonexistent.h: No such file or directory
   21 | #include <ac_nonexistent.h>
      |          ^~~~~~~~~~~~~~~~~~
compilation terminated.
configure:8442: $? = 1
configure: failed program was:
| /* confdefs.h */
| #define PACKAGE_NAME "fastmesh"
| #define PACKAGE_TARNAME "fastmesh"
| #define PACKAGE_VERSION "0.1"
| #define PACKAGE_STRING "fastmesh 0.1"
| #define PACKAGE_BUGREPORT ""
| #define PACKAGE_URL ""
| #define STDC_HEADERS 1
| #define HAVE_SYS_TYPES_H 1
| #define HAVE_SYS_STAT_H 1
| #define HAVE_STDLIB_H 1
| #define HAVE_STRING_H 1
| #define HAVE_MEMORY_H 1
| #define HAVE_STRINGS_H 1
| #define HAVE_INTTYPES_H 1
| #define HAVE_STDINT_H 1
| #define HAVE_UNISTD_H 1
| #define HAVE_DLFCN_H 1
| #define LT_OBJDIR ".libs/"
| /* end confdefs.h.  */
| #include <ac_nonexistent.h>
configure:8467: result: mpic++ -E
configure:8487: mpic++ -E  conftest.cpp
configure:8487: $? = 0
configure:8501: mpic++ -E  conftest.cpp
conftest.cpp:21:10: fatal error: ac_nonexistent.h: No such file or directory
   21 | #include <ac_nonexistent.h>
      |          ^~~~~~~~~~~~~~~~~~
compilation terminated.
configure:8501: $? = 1
configure: failed program was:
| /* confdefs.h */
| #define PACKAGE_NAME "fastmesh"
| #define PACKAGE_TARNAME "fastmesh"
| #define PACKAGE_VERSION "0.1"
| #define PACKAGE_STRING "fastmesh 0.1"
| #define PACKAGE_BUGREPORT ""
| #define PACKAGE_URL ""
| #define STDC_HEADERS 1
| #define HAVE_SYS_TYPES_H 1
| #define HAVE_SYS_STAT_H 1
| #define HAVE_STDLIB_H 1
| #define HAVE_STRING_H 1
| #define HAVE_MEMORY_H 1
| #define HAVE_STRINGS_H 1
| #define HAVE_INTTYPES_H 1
| #define HAVE_STDINT_H 1
| #define HAVE_UNISTD_H 1
| #define HAVE_DLFCN_H 1
| #define LT_OBJDIR ".libs/"
| /* end confdefs.h.  */
| #include <ac_nonexistent.h>
configure:8663: checking for ld used by mpic++
configure:8730: result: /usr/bin/ld -m elf_x86_64
configure:8737: checking if the linker (/usr/bin/ld -m elf_x86_64) is GNU ld
configure:8752: result: yes
configure:8807: checking whether the mpic++ linker (/usr/bin/ld -m elf_x86_64) supports shared libraries
configure:9880: result: yes
configure:9916: mpic++ -c -O3  conftest.cpp >&5
configure:9919: $? = 0
configure:10400: checking for mpic++ option to produce PIC
configure:10407: result: -fPIC -DPIC
configure:10415: checking if mpic++ PIC flag -fPIC -DPIC works
configure:10433: mpic++ -c -O3  -fPIC -DPIC -DPIC conftest.cpp >&5
configure:10437: $? = 0
configure:10450: result: yes
configure:10473: checking if mpic++ static flag -static works
configure:10501: result: no
configure:10513: checking if mpic++ supports -c -o file.o
configure:10534: mpic++ -c -O3  -o out/conftest2.o conftest.cpp >&5
configure:10538: $? = 0
configure:10560: result: yes
configure:10565: checking if mpic++ supports -c -o file.o
configure:10612: result: yes
configure:10642: checking whether the mpic++ linker (/usr/bin/ld -m elf_x86_64) supports shared libraries
configure:10682: result: yes
configure:10823: checking dynamic linker characteristics
configure:11571: result: GNU/Linux ld.so
configure:11636: checking how to hardcode library paths into programs
configure:11661: result: immediate
configure:10581: checking for a BSD-compatible install
configure:10649: result: /usr/bin/install -c
configure:10660: checking whether build environment is sane
configure:10715: result: yes
configure:10861: checking for a thread-safe mkdir -p
configure:10900: result: /usr/bin/mkdir -p
configure:10903: checking whether make sets $(MAKE)
configure:10925: result: yes
configure:10947: checking whether make supports the include directive
configure:10962: make -f confmf.GNU && cat confinc.out
this is the am__doit target
configure:10965: $? = 0
configure:10984: result: yes (GNU style)
configure:11017: checking whether make supports nested variables
configure:11034: result: yes
configure:11119: checking dependency style of mpicc
configure:11230: result: gcc3
configure:11247: checking dependency style of mpic++
configure:11358: result: gcc3
configure:11533: checking for C++ compiler version
configure:11542: mpic++ --version >&5
g++ (Ubuntu 9.4.0-1ubuntu1~20.04.1) 9.4.0
Copyright (C) 2019 Free Software Foundation, Inc.
This is free software; see the source for copying conditions.  There is NO
warranty; not even for MERCHANTABILITY or FITNESS FOR A PARTICULAR PURPOSE.

configure:11553: $? = 0
configure:11542: mpic++ -v >&5
Using built-in specs.
COLLECT_GCC=/usr/bin/g++
COLLECT_LTO_WRAPPER=/usr/lib/gcc/x86_64-linux-gnu/9/lto-wrapper
OFFLOAD_TARGET_NAMES=nvptx-none:hsa
OFFLOAD_TARGET_DEFAULT=1
Target: x86_64-linux-gnu
Configured with: ../src/configure -v --with-pkgversion='Ubuntu 9.4.0-1ubuntu1~20.04.1' --with-bugurl=file:///usr/share/doc/gcc-9/README.Bugs --enable-languages=c,ada,c++,go,brig,d,fortran,objc,obj-c++,gm2 --prefix=/usr --with-gcc-major-version-only --program-suffix=-9 --program-prefix=x86_64-linux-gnu- --enable-shared --enable-linker-build-id --libexecdir=/usr/lib --without-included-gettext --enable-threads=posix --libdir=/usr/lib --enable-nls --enable-clocale=gnu --enable-libstdcxx-debug --enable-libstdcxx-time=yes --with-default-libstdcxx-abi=new --enable-gnu-unique-object --disable-vtable-verify --enable-plugin --enable-default-pie --with-system-zlib --with-target-system-zlib=auto --enable-objc-gc=auto --enable-multiarch --disable-werror --with-arch-32=i686 --with-abi=m64 --with-multilib-list=m32,m64,mx32 --enable-multilib --with-tune=generic --enable-offload-targets=nvptx-none=/build/gcc-9-Av3uEd/gcc-9-9.4.0/debian/tmp-nvptx/usr,hsa --without-cuda-driver --enable-checking=release --build=x86_64-linux-gnu --host=x86_64-linux-gnu --target=x86_64-linux-gnu
Thread model: posix
gcc version 9.4.0 (Ubuntu 9.4.0-1ubuntu1~20.04.1) 
configure:11553: $? = 0
configure:11542: mpic++ -V >&5
g++: error: unrecognized command line option '-V'
g++: fatal error: no input files
compilation terminated.
configure:11553: $? = 1
configure:11542: mpic++ -qversion >&5
g++: error: unrecognized command line option '-qversion'; did you mean '--version'?
g++: fatal error: no input files
compilation terminated.
configure:11553: $? = 1
configure:11557: checking whether we are using the GNU C++ compiler
configure:11585: result: yes
configure:11594: checking whether mpic++ accepts -g
configure:11655: result: yes
configure:12040: checking that generated files are newer than configure
configure:12046: result: done
configure:12081: creating ./config.status

## ---------------------- ##
## Running config.status. ##
## ---------------------- ##

This file was extended by fastmesh config.status 0.1, which was
generated by GNU Autoconf 2.69.  Invocation command line was

  CONFIG_FILES    = 
  CONFIG_HEADERS  = 
  CONFIG_LINKS    = 
  CONFIG_COMMANDS = 
  $ ./config.status 

on TRC16615-X11

config.status:1078: creating Makefile
config.status:1078: creating api/version.h
config.status:1250: executing libtool commands
config.status:1250: executing depfiles commands
config.status:2037: cd .       && sed -e '/# am--include-marker/d' Makefile         | make -f - am--depfiles
config.status:2042: $? = 0

## ---------------- ##
## Cache variables. ##
## ---------------- ##

ac_cv_build=x86_64-pc-linux-gnu
ac_cv_c_compiler_gnu=yes
ac_cv_cxx_compiler_gnu=yes
ac_cv_env_CCC_set=
ac_cv_env_CCC_value=
ac_cv_env_CC_set=set
ac_cv_env_CC_value=mpicc
ac_cv_env_CFLAGS_set=
ac_cv_env_CFLAGS_value=
ac_cv_env_CPPFLAGS_set=
ac_cv_env_CPPFLAGS_value=
ac_cv_env_CPP_set=
ac_cv_env_CPP_value=
ac_cv_env_CXXCPP_set=
ac_cv_env_CXXCPP_value=
ac_cv_env_CXXFLAGS_set=set
ac_cv_env_CXXFLAGS_value=-O3
ac_cv_env_CXX_set=set
ac_cv_env_CXX_value=mpic++
ac_cv_env_LDFLAGS_set=
ac_cv_env_LDFLAGS_value=
ac_cv_env_LIBS_set=
ac_cv_env_LIBS_value=
ac_cv_env_LT_SYS_LIBRARY_PATH_set=
ac_cv_env_LT_SYS_LIBRARY_PATH_value=
ac_cv_env_MPICXX_set=
ac_cv_env_MPICXX_value=
ac_cv_env_build_alias_set=
ac_cv_env_build_alias_value=
ac_cv_env_host_alias_set=
ac_cv_env_host_alias_value=
ac_cv_env_target_alias_set=
ac_cv_env_target_alias_value=
ac_cv_header_dlfcn_h=yes
ac_cv_header_inttypes_h=yes
ac_cv_header_memory_h=yes
ac_cv_header_stdc=yes
ac_cv_header_stdint_h=yes
ac_cv_header_stdlib_h=yes
ac_cv_header_string_h=yes
ac_cv_header_strings_h=yes
ac_cv_header_sys_stat_h=yes
ac_cv_header_sys_types_h=yes
ac_cv_header_unistd_h=yes
ac_cv_host=x86_64-pc-linux-gnu
ac_cv_objext=o
ac_cv_path_EGREP='/usr/bin/grep -E'
ac_cv_path_FGREP='/usr/bin/grep -F'
ac_cv_path_GREP=/usr/bin/grep
ac_cv_path_SED=/usr/bin/sed
ac_cv_path_install='/usr/bin/install -c'
ac_cv_path_lt_DD=/usr/bin/dd
ac_cv_path_mkdir=/usr/bin/mkdir
ac_cv_prog_AWK=gawk
ac_cv_prog_CPP='mpicc -E'
ac_cv_prog_CXXCPP='mpic++ -E'
ac_cv_prog_GITBIN=yes
ac_cv_prog_ac_ct_AR=ar
ac_cv_prog_ac_ct_CC=mpicc
ac_cv_prog_ac_ct_MANIFEST_TOOL=mt
ac_cv_prog_ac_ct_OBJDUMP=objdump
ac_cv_prog_ac_ct_RANLIB=ranlib
ac_cv_prog_ac_ct_STRIP=strip
ac_cv_prog_cc_c89=
ac_cv_prog_cc_g=yes
ac_cv_prog_cxx_g=yes
ac_cv_prog_make_make_set=yes
am_cv_CC_dependencies_compiler_type=gcc3
am_cv_CXX_dependencies_compiler_type=gcc3
am_cv_make_support_nested_variables=yes
am_cv_prog_cc_c_o=yes
lt_cv_ar_at_file=@
lt_cv_archive_cmds_need_lc=no
lt_cv_deplibs_check_method=pass_all
lt_cv_file_magic_cmd='$MAGIC_CMD'
lt_cv_file_magic_test_file=
lt_cv_ld_reload_flag=-r
lt_cv_nm_interface='BSD nm'
lt_cv_objdir=.libs
lt_cv_path_LD=/usr/bin/ld
lt_cv_path_LDCXX='/usr/bin/ld -m elf_x86_64'
lt_cv_path_NM='/usr/bin/nm -B'
lt_cv_path_mainfest_tool=no
lt_cv_prog_compiler_c_o=yes
lt_cv_prog_compiler_c_o_CXX=yes
lt_cv_prog_compiler_pic='-fPIC -DPIC'
lt_cv_prog_compiler_pic_CXX='-fPIC -DPIC'
lt_cv_prog_compiler_pic_works=yes
lt_cv_prog_compiler_pic_works_CXX=yes
lt_cv_prog_compiler_rtti_exceptions=no
lt_cv_prog_compiler_static_works=no
lt_cv_prog_compiler_static_works_CXX=no
lt_cv_prog_gnu_ld=yes
lt_cv_prog_gnu_ldcxx=yes
lt_cv_sharedlib_from_linklib_cmd='printf %s\n'
lt_cv_shlibpath_overrides_runpath=yes
lt_cv_sys_global_symbol_pipe='sed -n -e '\''s/^.*[	 ]\([ABCDGIRSTW][ABCDGIRSTW]*\)[	 ][	 ]*\([_A-Za-z][_A-Za-z0-9]*\)$/\1 \2 \2/p'\'' | sed '\''/ __gnu_lto/d'\'''
lt_cv_sys_global_symbol_to_c_name_address='sed -n -e '\''s/^: \(.*\) .*$/  {"\1", (void *) 0},/p'\'' -e '\''s/^[ABCDGIRSTW][ABCDGIRSTW]* .* \(.*\)$/  {"\1", (void *) \&\1},/p'\'''
lt_cv_sys_global_symbol_to_c_name_address_lib_prefix='sed -n -e '\''s/^: \(.*\) .*$/  {"\1", (void *) 0},/p'\'' -e '\''s/^[ABCDGIRSTW][ABCDGIRSTW]* .* \(lib.*\)$/  {"\1", (void *) \&\1},/p'\'' -e '\''s/^[ABCDGIRSTW][ABCDGIRSTW]* .* \(.*\)$/  {"lib\1", (void *) \&\1},/p'\'''
lt_cv_sys_global_symbol_to_cdecl='sed -n -e '\''s/^T .* \(.*\)$/extern int \1();/p'\'' -e '\''s/^[ABCDGIRSTW][ABCDGIRSTW]* .* \(.*\)$/extern char \1;/p'\'''
lt_cv_sys_global_symbol_to_import=
lt_cv_sys_max_cmd_len=1572864
lt_cv_to_host_file_cmd=func_convert_file_noop
lt_cv_to_tool_file_cmd=func_convert_file_noop
lt_cv_truncate_bin='/usr/bin/dd bs=4096 count=1'

## ----------------- ##
## Output variables. ##
## ----------------- ##

ACLOCAL='${SHELL} /home/alon/Projects/DelMe/LFM_Public/missing aclocal-1.16'
AMDEPBACKSLASH='\'
AMDEP_FALSE='#'
AMDEP_TRUE=''
AMTAR='$${TAR-tar}'
AM_BACKSLASH='\'
AM_DEFAULT_V='$(AM_DEFAULT_VERBOSITY)'
AM_DEFAULT_VERBOSITY='1'
AM_V='$(V)'
AR='ar'
AUTOCONF='${SHELL} /home/alon/Projects/DelMe/LFM_Public/missing autoconf'
AUTOHEADER='${SHELL} /home/alon/Projects/DelMe/LFM_Public/missing autoheader'
AUTOMAKE='${SHELL} /home/alon/Projects/DelMe/LFM_Public/missing automake-1.16'
AWK='gawk'
CC='mpicc'
CCDEPMODE='depmode=gcc3'
CFLAGS='-g -O2'
CPP='mpicc -E'
CPPFLAGS=''
CXX='mpic++'
CXXCPP='mpic++ -E'
CXXDEPMODE='depmode=gcc3'
CXXFLAGS='-O3'
CYGPATH_W='echo'
DEBUG_FALSE=''
DEBUG_TRUE='#'
DEFS='-DPACKAGE_NAME=\"fastmesh\" -DPACKAGE_TARNAME=\"fastmesh\" -DPACKAGE_VERSION=\"0.1\" -DPACKAGE_STRING=\"fastmesh\ 0.1\" -DPACKAGE_BUGREPORT=\"\" -DPACKAGE_URL=\"\" -DSTDC_HEADERS=1 -DHAVE_SYS_TYPES_H=1 -DHAVE_SYS_STAT_H=1 -DHAVE_STDLIB_H=1 -DHAVE_STRING_H=1 -DHAVE_MEMORY_H=1 -DHAVE_STRINGS_H=1 -DHAVE_INTTYPES_H=1 -DHAVE_STDINT_H=1 -DHAVE_UNISTD_H=1 -DHAVE_DLFCN_H=1 -DLT_OBJDIR=\".libs/\" -DPACKAGE=\"fastmesh\" -DVERSION=\"0.1\"'
DEPDIR='.deps'
DLLTOOL='false'
DSYMUTIL=''
DUMPBIN=''
ECHO_C=''
ECHO_N='-n'
ECHO_T=''
EGREP='/usr/bin/grep -E'
EXEEXT=''
FGREP='/usr/bin/grep -F'
GITBIN='yes'
GREP='/usr/bin/grep'
INSTALL_DATA='${INSTALL} -m 644'
INSTALL_PROGRAM='${INSTALL}'
INSTALL_SCRIPT='${INSTALL}'
INSTALL_STRIP_PROGRAM='$(install_sh) -c -s'
LD='/usr/bin/ld -m elf_x86_64'
LDFLAGS=''
LIBOBJS=''
LIBS=''
LIBTOOL='$(SHELL) $(top_builddir)/libtool'
LIPO=''
LN_S='ln -s'
LTLIBOBJS=''
LT_SYS_LIBRARY_PATH=''
MAJOR_VERSION='0'
MAKEINFO='${SHELL} /home/alon/Projects/DelMe/LFM_Public/missing makeinfo'
MANIFEST_TOOL=':'
MINOR_VERSION='1'
MKDIR_P='/usr/bin/mkdir -p'
MPICXX=''
MPILIBS=''
NM='/usr/bin/nm -B'
NMEDIT=''
OBJDUMP='objdump'
OBJEXT='o'
OTOOL64=''
OTOOL=''
PACKAGE='fastmesh'
PACKAGE_BUGREPORT=''
PACKAGE_NAME='fastmesh'
PACKAGE_STRING='fastmesh 0.1'
PACKAGE_TARNAME='fastmesh'
PACKAGE_URL=''
PACKAGE_VERSION='0.1'
PATCH_VERSION='0'
PATH_SEPARATOR=':'
RANLIB='ranlib'
SCM_VERSION='71d4ed7'
SED='/usr/bin/sed'
SET_MAKE=''
SHELL='/bin/bash'
SOVERSION='0:1:0'
STRIP='strip'
VERSION='0.1'
WITH_MPI_FALSE=''
WITH_MPI_TRUE='#'
ac_ct_AR='ar'
ac_ct_CC='mpicc'
ac_ct_CXX=''
ac_ct_DUMPBIN=''
am__EXEEXT_FALSE=''
am__EXEEXT_TRUE='#'
am__fastdepCC_FALSE='#'
am__fastdepCC_TRUE=''
am__fastdepCXX_FALSE='#'
am__fastdepCXX_TRUE=''
am__include='include'
am__isrc=''
am__leading_dot='.'
am__nodep='_no'
am__quote=''
am__tar='$${TAR-tar} chof - "$$tardir"'
am__untar='$${TAR-tar} xf -'
bindir='${exec_prefix}/bin'
build='x86_64-pc-linux-gnu'
build_alias=''
build_cpu='x86_64'
build_os='linux-gnu'
build_vendor='pc'
datadir='${datarootdir}'
datarootdir='${prefix}/share'
docdir='${datarootdir}/doc/${PACKAGE_TARNAME}'
dvidir='${docdir}'
exec_prefix='${prefix}'
host='x86_64-pc-linux-gnu'
host_alias=''
host_cpu='x86_64'
host_os='linux-gnu'
host_vendor='pc'
htmldir='${docdir}'
includedir='${prefix}/include'
infodir='${datarootdir}/info'
install_sh='${SHELL} /home/alon/Projects/DelMe/LFM_Public/install-sh'
libdir='${exec_prefix}/lib'
libexecdir='${exec_prefix}/libexec'
localedir='${datarootdir}/locale'
localstatedir='${prefix}/var'
mandir='${datarootdir}/man'
mkdir_p='$(MKDIR_P)'
oldincludedir='/usr/include'
pdfdir='${docdir}'
prefix='/home/alon/Projects/DelMe/LFM_Public/Build'
program_transform_name='s,x,x,'
psdir='${docdir}'
runstatedir='${localstatedir}/run'
sbindir='${exec_prefix}/sbin'
sharedstatedir='${prefix}/com'
sysconfdir='${prefix}/etc'
target_alias=''

## ----------- ##
## confdefs.h. ##
## ----------- ##

/* confdefs.h */
#define PACKAGE_NAME "fastmesh"
#define PACKAGE_TARNAME "fastmesh"
#define PACKAGE_VERSION "0.1"
#define PACKAGE_STRING "fastmesh 0.1"
#define PACKAGE_BUGREPORT ""
#define PACKAGE_URL ""
#define STDC_HEADERS 1
#define HAVE_SYS_TYPES_H 1
#define HAVE_SYS_STAT_H 1
#define HAVE_STDLIB_H 1
#define HAVE_STRING_H 1
#define HAVE_MEMORY_H 1
#define HAVE_STRINGS_H 1
#define HAVE_INTTYPES_H 1
#define HAVE_STDINT_H 1
#define HAVE_UNISTD_H 1
#define HAVE_DLFCN_H 1
#define LT_OBJDIR ".libs/"
#define PACKAGE "fastmesh"
#define VERSION "0.1"

configure: exit 0
